  ChessWindow.cpp
C:\Users\georg\Desktop\cs32\SFML Tutorial\SFML Tutorial\ChessWindow.cpp(47,64): warning C4244: 'argument': conversion from 'int' to 'T', possible loss of data
          with
          [
              T=float
          ]
C:\Users\georg\Desktop\cs32\SFML Tutorial\SFML Tutorial\ChessWindow.cpp(47,51): warning C4244: 'argument': conversion from 'int' to 'T', possible loss of data
          with
          [
              T=float
          ]
  board.cpp
C:\Users\georg\Desktop\cs32\SFML Tutorial\SFML Tutorial\board.cpp(39,21): warning C4018: '<': signed/unsigned mismatch
C:\Users\georg\Desktop\cs32\SFML Tutorial\SFML Tutorial\board.cpp(46,21): warning C4018: '<': signed/unsigned mismatch
C:\Users\georg\Desktop\cs32\SFML Tutorial\SFML Tutorial\board.cpp(53,20): warning C4018: '<': signed/unsigned mismatch
C:\Users\georg\Desktop\cs32\SFML Tutorial\SFML Tutorial\board.cpp(130,22): warning C4018: '<': signed/unsigned mismatch
C:\Users\georg\Desktop\cs32\SFML Tutorial\SFML Tutorial\board.cpp(161,22): warning C4018: '<': signed/unsigned mismatch
C:\Users\georg\Desktop\cs32\SFML Tutorial\SFML Tutorial\board.cpp(170,22): warning C4018: '<': signed/unsigned mismatch
C:\Users\georg\Desktop\cs32\SFML Tutorial\SFML Tutorial\board.cpp(206,32): warning C4244: 'argument': conversion from 'int' to 'T', possible loss of data
          with
          [
              T=float
          ]
C:\Users\georg\Desktop\cs32\SFML Tutorial\SFML Tutorial\board.cpp(206,24): warning C4244: 'argument': conversion from 'int' to 'T', possible loss of data
          with
          [
              T=float
          ]
C:\Users\georg\Desktop\cs32\SFML Tutorial\SFML Tutorial\board.cpp(509,21): warning C4018: '<': signed/unsigned mismatch
C:\Users\georg\Desktop\cs32\SFML Tutorial\SFML Tutorial\board.cpp(525,21): warning C4018: '<': signed/unsigned mismatch
  main.cpp
  Generating Code...
C:\Users\georg\Desktop\cs32\SFML Tutorial\SFML Tutorial\board.cpp(282): warning C4715: 'Board::rookMove': not all control paths return a value
C:\Users\georg\Desktop\cs32\SFML Tutorial\SFML Tutorial\board.cpp(286): warning C4715: 'Board::queenMove': not all control paths return a value
C:\Users\georg\Desktop\cs32\SFML Tutorial\SFML Tutorial\board.cpp(312): warning C4715: 'Board::bishopMove': not all control paths return a value
  SFML Tutorial.vcxproj -> C:\Users\georg\Desktop\cs32\SFML Tutorial\Debug\SFML Tutorial.exe
